<?xml version="1.0" encoding="UTF-8"?>
<testng-results ignored="0" total="1" passed="1" failed="0" skipped="0">
  <reporter-output>
  </reporter-output>
  <suite started-at="2025-08-29T11:32:52 IST" name="Default suite" finished-at="2025-08-29T11:33:14 IST" duration-ms="21886">
    <groups>
    </groups>
    <test started-at="2025-08-29T11:32:52 IST" name="Default test" finished-at="2025-08-29T11:33:14 IST" duration-ms="21886">
      <class name="Test.Run_Module">
        <test-method is-config="true" signature="beforeTest()[pri:0, instance:Test.Run_Module@753432a2]" started-at="2025-08-29T11:32:52 IST" name="beforeTest" finished-at="2025-08-29T11:33:12 IST" duration-ms="19999" status="PASS">
          <reporter-output>
          </reporter-output>
        </test-method> <!-- beforeTest -->
        <test-method signature="Log()[pri:0, instance:Test.Run_Module@753432a2]" started-at="2025-08-29T11:33:12 IST" name="Log" finished-at="2025-08-29T11:33:14 IST" duration-ms="1774" status="PASS">
          <reporter-output>
          </reporter-output>
        </test-method> <!-- Log -->
      </class> <!-- Test.Run_Module -->
    </test> <!-- Default test -->
  </suite> <!-- Default suite -->
</testng-results>
